SF:lib\core\error\failures.dart
DA:6,19
DA:8,1
DA:9,2
DA:13,11
DA:17,11
DA:21,19
LF:6
LH:6
end_of_record
SF:lib\data\datasource\movie_remote_data_source.dart
DA:21,1
DA:22,1
DA:24,2
DA:25,2
DA:28,2
DA:29,3
DA:30,2
DA:31,1
DA:32,2
DA:33,1
DA:35,1
DA:39,1
DA:41,2
DA:42,1
DA:45,2
DA:46,3
DA:47,4
DA:48,2
DA:49,1
DA:50,2
DA:51,1
DA:53,1
DA:57,1
DA:59,2
DA:60,1
DA:63,2
DA:64,3
DA:65,4
DA:66,2
DA:67,1
DA:68,2
DA:69,1
DA:71,1
DA:75,1
DA:77,2
DA:78,2
DA:81,2
DA:82,3
DA:83,4
DA:84,2
DA:85,1
DA:86,2
DA:87,1
DA:89,1
DA:93,1
DA:95,2
DA:96,1
DA:99,2
DA:100,3
DA:101,4
DA:102,2
DA:103,1
DA:104,2
DA:105,1
DA:107,1
LF:55
LH:55
end_of_record
SF:lib\data\models\detail_movie_model.dart
DA:6,3
DA:19,2
DA:20,2
DA:21,2
DA:22,10
DA:23,2
DA:24,2
DA:25,2
DA:26,8
DA:27,0
DA:28,2
DA:29,2
DA:30,2
DA:31,2
DA:32,2
DA:36,2
DA:37,2
DA:38,2
DA:39,2
DA:40,2
DA:41,2
DA:42,2
DA:43,2
DA:44,2
DA:45,2
DA:46,2
DA:47,2
LF:27
LH:26
end_of_record
SF:lib\data\models\movie_model.dart
DA:6,3
DA:18,2
DA:19,2
DA:20,2
DA:21,2
DA:22,2
DA:23,2
DA:24,2
DA:25,2
DA:26,8
DA:27,0
DA:28,2
DA:29,2
DA:30,2
DA:34,2
DA:35,2
DA:36,2
DA:37,2
DA:38,2
DA:39,2
DA:40,2
DA:41,2
DA:42,2
DA:43,2
DA:44,2
LF:25
LH:24
end_of_record
SF:lib\domain\entities\detail_movie_entity.dart
DA:15,5
DA:28,4
DA:30,4
DA:31,4
DA:32,4
DA:33,4
DA:34,4
DA:35,4
DA:36,4
DA:37,4
DA:38,4
DA:39,4
DA:40,4
LF:13
LH:13
end_of_record
SF:lib\domain\entities\movie_entity.dart
DA:14,9
DA:26,5
DA:28,5
DA:29,5
DA:30,5
DA:31,5
DA:32,5
DA:33,5
DA:34,5
DA:35,5
DA:36,5
LF:11
LH:11
end_of_record
SF:lib\data\repositories\movie_repository_impl.dart
DA:14,1
DA:15,1
DA:18,2
DA:19,2
DA:20,1
DA:22,1
DA:24,1
DA:29,1
DA:32,2
DA:33,5
DA:34,1
DA:36,1
DA:38,1
DA:43,1
DA:46,2
DA:47,5
DA:48,1
DA:50,1
DA:52,1
DA:57,1
DA:60,2
DA:61,5
DA:62,1
DA:64,1
DA:66,1
DA:71,1
DA:74,2
DA:75,5
DA:76,1
DA:78,1
DA:80,1
LF:31
LH:31
end_of_record
SF:lib\domain\usecases\get_detail_movie_use_case.dart
DA:10,1
DA:12,1
DA:13,2
LF:3
LH:3
end_of_record
SF:lib\domain\usecases\get_now_playing_movie_use_case.dart
DA:10,1
DA:12,1
DA:13,2
LF:3
LH:3
end_of_record
SF:lib\domain\usecases\get_popular_movie_use_case.dart
DA:10,1
DA:12,1
DA:13,2
LF:3
LH:3
end_of_record
SF:lib\domain\usecases\get_search_movie_use_case.dart
DA:10,1
DA:12,1
DA:13,2
LF:3
LH:3
end_of_record
SF:lib\domain\usecases\get_up_coming_movie_use_case.dart
DA:10,1
DA:12,1
DA:13,2
LF:3
LH:3
end_of_record
SF:lib\presentation\bloc\detail_movie\detail_movie_state.dart
DA:12,1
DA:18,1
DA:23,1
DA:24,0
DA:25,1
DA:26,1
DA:30,1
DA:31,4
LF:8
LH:7
end_of_record
SF:lib\presentation\bloc\detail_movie\detail_movie_event.dart
DA:4,1
DA:6,0
DA:7,0
DA:13,1
LF:4
LH:2
end_of_record
SF:lib\presentation\bloc\detail_movie\detail_movie_bloc.dart
DA:11,3
DA:13,2
DA:14,3
DA:16,3
DA:18,1
DA:19,5
DA:20,4
LF:7
LH:7
end_of_record
SF:lib\presentation\bloc\home\home_state.dart
DA:14,1
DA:22,1
DA:29,1
DA:30,0
DA:31,1
DA:32,1
DA:33,1
DA:34,1
DA:38,1
DA:39,6
LF:10
LH:9
end_of_record
SF:lib\presentation\bloc\home\home_bloc.dart
DA:17,1
DA:21,2
DA:23,2
DA:24,3
DA:26,2
DA:28,1
DA:29,5
DA:30,4
DA:35,2
DA:36,3
DA:38,2
DA:40,1
DA:41,5
DA:42,4
DA:47,2
DA:48,3
DA:50,2
DA:52,1
DA:53,5
DA:54,4
LF:20
LH:20
end_of_record
SF:lib\presentation\bloc\home\home_event.dart
DA:4,1
DA:6,0
DA:7,0
LF:3
LH:1
end_of_record
SF:lib\presentation\bloc\search\search_bloc.dart
DA:12,3
DA:14,2
DA:15,3
DA:17,3
DA:19,1
DA:20,5
DA:21,4
LF:7
LH:7
end_of_record
SF:lib\presentation\bloc\search\search_event.dart
DA:4,1
DA:6,0
DA:7,0
DA:13,1
LF:4
LH:2
end_of_record
SF:lib\presentation\bloc\search\search_state.dart
DA:12,1
DA:18,1
DA:23,1
DA:24,0
DA:25,1
DA:26,1
DA:30,1
DA:31,4
LF:8
LH:7
end_of_record
